SF:lib/main.dart
DA:9,3
DA:10,3
DA:19,2
DA:21,1
DA:30,1
DA:32,1
DA:34,2
DA:35,1
DA:37,1
DA:38,3
DA:39,1
DA:40,1
DA:42,1
DA:43,1
DA:44,1
DA:49,1
DA:50,4
DA:51,1
DA:57,1
DA:59,1
DA:60,3
DA:64,2
DA:65,4
DA:67,2
DA:68,1
DA:69,1
DA:70,3
DA:86,1
DA:88,1
DA:90,2
DA:92,1
DA:94,1
DA:96,1
DA:98,1
DA:103,1
DA:104,1
DA:106,1
DA:107,5
DA:108,5
DA:109,5
DA:128,1
DA:129,1
DA:142,3
DA:145,1
DA:147,1
DA:149,2
DA:150,1
DA:151,1
DA:153,1
DA:154,1
DA:156,1
DA:159,1
DA:161,1
DA:163,2
DA:166,6
DA:169,1
DA:170,1
DA:171,1
DA:172,1
DA:174,1
DA:175,1
DA:176,6
DA:179,1
DA:184,2
DA:191,1
DA:192,2
DA:194,1
DA:195,1
DA:196,1
DA:197,2
DA:200,1
DA:201,2
DA:203,1
DA:206,1
LF:74
LH:74
end_of_record
SF:lib/providers.dart
DA:8,4
DA:9,1
DA:25,4
DA:35,4
DA:36,6
DA:43,4
DA:44,2
DA:45,2
DA:48,1
DA:49,4
DA:50,1
DA:51,4
DA:52,1
LF:13
LH:13
end_of_record
SF:lib/todo.dart
DA:11,2
DA:29,2
DA:32,1
DA:34,2
DA:35,1
DA:36,1
DA:37,1
DA:44,1
DA:45,2
DA:46,5
DA:48,2
DA:49,2
DA:50,2
DA:51,2
DA:52,2
DA:56,1
DA:60,1
DA:61,2
DA:62,5
DA:64,2
DA:65,2
DA:66,2
DA:67,2
DA:72,1
LF:24
LH:24
end_of_record
